# JRE version: Java(TM) SE Runtime Environment (8.0_201-b09) (build 1.8.0_201-b09)
# Java VM: Java HotSpot(TM) 64-Bit Server VM (25.201-b09 mixed mode windows-amd64 compressed oops)
Heap:
 PSYoungGen      total 115200K, used 58395K [0x00000000d6600000, 0x00000000de480000, 0x0000000100000000)
  eden space 105472K, 46% used [0x00000000d6600000,0x00000000d9588798,0x00000000dcd00000)
  from space 9728K, 99% used [0x00000000dd800000,0x00000000de17e4c0,0x00000000de180000)
  to   space 11264K, 0% used [0x00000000dcd00000,0x00000000dcd00000,0x00000000dd800000)
 ParOldGen       total 54784K, used 10949K [0x0000000083200000, 0x0000000086780000, 0x00000000d6600000)
  object space 54784K, 19% used [0x0000000083200000,0x0000000083cb1668,0x0000000086780000)
 Metaspace       used 33540K, capacity 34850K, committed 35072K, reserved 1079296K
  class space    used 4316K, capacity 4576K, committed 4608K, reserved 1048576K
GC Heap History (10 events):
Event: 2.267 GC heap before
{Heap before GC invocations=3 (full 0):
 PSYoungGen      total 37888K, used 37884K [0x00000000d6600000, 0x00000000db000000, 0x0000000100000000)
  eden space 32768K, 100% used [0x00000000d6600000,0x00000000d8600000,0x00000000d8600000)
  from space 5120K, 99% used [0x00000000d8b00000,0x00000000d8fff050,0x00000000d9000000)
  to   space 5120K, 0% used [0x00000000d8600000,0x00000000d8600000,0x00000000d8b00000)
 ParOldGen       total 86016K, used 238K [0x0000000083200000, 0x0000000088600000, 0x00000000d6600000)
  object space 86016K, 0% used [0x0000000083200000,0x000000008323b810,0x0000000088600000)
 Metaspace       used 17128K, capacity 17632K, committed 18048K, reserved 1064960K
  class space    used 2194K, capacity 2329K, committed 2432K, reserved 1048576K
Event: 2.274 GC heap after
Heap after GC invocations=3 (full 0):
 PSYoungGen      total 37888K, used 5106K [0x00000000d6600000, 0x00000000db000000, 0x0000000100000000)
  eden space 32768K, 0% used [0x00000000d6600000,0x00000000d6600000,0x00000000d8600000)
  from space 5120K, 99% used [0x00000000d8600000,0x00000000d8afcbc0,0x00000000d8b00000)
  to   space 5120K, 0% used [0x00000000dab00000,0x00000000dab00000,0x00000000db000000)
 ParOldGen       total 86016K, used 2404K [0x0000000083200000, 0x0000000088600000, 0x00000000d6600000)
  object space 86016K, 2% used [0x0000000083200000,0x0000000083459190,0x0000000088600000)
 Metaspace       used 17128K, capacity 17632K, committed 18048K, reserved 1064960K
  class space    used 2194K, capacity 2329K, committed 2432K, reserved 1048576K
}
Event: 2.489 GC heap before
{Heap before GC invocations=4 (full 0):
 PSYoungGen      total 37888K, used 36429K [0x00000000d6600000, 0x00000000db000000, 0x0000000100000000)
  eden space 32768K, 95% used [0x00000000d6600000,0x00000000d8496ab8,0x00000000d8600000)
  from space 5120K, 99% used [0x00000000d8600000,0x00000000d8afcbc0,0x00000000d8b00000)
  to   space 5120K, 0% used [0x00000000dab00000,0x00000000dab00000,0x00000000db000000)
 ParOldGen       total 86016K, used 2404K [0x0000000083200000, 0x0000000088600000, 0x00000000d6600000)
  object space 86016K, 2% used [0x0000000083200000,0x0000000083459190,0x0000000088600000)
 Metaspace       used 20592K, capacity 21132K, committed 21296K, reserved 1067008K
  class space    used 2682K, capacity 2857K, committed 2944K, reserved 1048576K
Event: 2.496 GC heap after
Heap after GC invocations=4 (full 0):
 PSYoungGen      total 70656K, used 5089K [0x00000000d6600000, 0x00000000db000000, 0x0000000100000000)
  eden space 65536K, 0% used [0x00000000d6600000,0x00000000d6600000,0x00000000da600000)
  from space 5120K, 99% used [0x00000000dab00000,0x00000000daff8718,0x00000000db000000)
  to   space 5120K, 0% used [0x00000000da600000,0x00000000da600000,0x00000000dab00000)
 ParOldGen       total 86016K, used 4599K [0x0000000083200000, 0x0000000088600000, 0x00000000d6600000)
  object space 86016K, 5% used [0x0000000083200000,0x000000008367dc18,0x0000000088600000)
 Metaspace       used 20592K, capacity 21132K, committed 21296K, reserved 1067008K
  class space    used 2682K, capacity 2857K, committed 2944K, reserved 1048576K
}
Event: 2.496 GC heap before
{Heap before GC invocations=5 (full 1):
 PSYoungGen      total 70656K, used 5089K [0x00000000d6600000, 0x00000000db000000, 0x0000000100000000)
  eden space 65536K, 0% used [0x00000000d6600000,0x00000000d6600000,0x00000000da600000)
  from space 5120K, 99% used [0x00000000dab00000,0x00000000daff8718,0x00000000db000000)
  to   space 5120K, 0% used [0x00000000da600000,0x00000000da600000,0x00000000dab00000)
 ParOldGen       total 86016K, used 4599K [0x0000000083200000, 0x0000000088600000, 0x00000000d6600000)
  object space 86016K, 5% used [0x0000000083200000,0x000000008367dc18,0x0000000088600000)
 Metaspace       used 20592K, capacity 21132K, committed 21296K, reserved 1067008K
  class space    used 2682K, capacity 2857K, committed 2944K, reserved 1048576K
Event: 2.523 GC heap after
Heap after GC invocations=5 (full 1):
 PSYoungGen      total 70656K, used 0K [0x00000000d6600000, 0x00000000db000000, 0x0000000100000000)
  eden space 65536K, 0% used [0x00000000d6600000,0x00000000d6600000,0x00000000da600000)
  from space 5120K, 0% used [0x00000000dab00000,0x00000000dab00000,0x00000000db000000)
  to   space 5120K, 0% used [0x00000000da600000,0x00000000da600000,0x00000000dab00000)
 ParOldGen       total 54784K, used 7038K [0x0000000083200000, 0x0000000086780000, 0x00000000d6600000)
  object space 54784K, 12% used [0x0000000083200000,0x00000000838df938,0x0000000086780000)
 Metaspace       used 20590K, capacity 21126K, committed 21296K, reserved 1067008K
  class space    used 2681K, capacity 2856K, committed 2944K, reserved 1048576K
}
Event: 3.511 GC heap before
{Heap before GC invocations=6 (full 1):
 PSYoungGen      total 70656K, used 65536K [0x00000000d6600000, 0x00000000db000000, 0x0000000100000000)
  eden space 65536K, 100% used [0x00000000d6600000,0x00000000da600000,0x00000000da600000)
  from space 5120K, 0% used [0x00000000dab00000,0x00000000dab00000,0x00000000db000000)
  to   space 5120K, 0% used [0x00000000da600000,0x00000000da600000,0x00000000dab00000)
 ParOldGen       total 54784K, used 7038K [0x0000000083200000, 0x0000000086780000, 0x00000000d6600000)
  object space 54784K, 12% used [0x0000000083200000,0x00000000838df938,0x0000000086780000)
 Metaspace       used 24621K, capacity 25332K, committed 25472K, reserved 1071104K
  class space    used 3185K, capacity 3363K, committed 3456K, reserved 1048576K
Event: 3.522 GC heap after
Heap after GC invocations=6 (full 1):
 PSYoungGen      total 70656K, used 5107K [0x00000000d6600000, 0x00000000de180000, 0x0000000100000000)
  eden space 65536K, 0% used [0x00000000d6600000,0x00000000d6600000,0x00000000da600000)
  from space 5120K, 99% used [0x00000000da600000,0x00000000daafcf28,0x00000000dab00000)
  to   space 9728K, 0% used [0x00000000dd800000,0x00000000dd800000,0x00000000de180000)
 ParOldGen       total 54784K, used 10241K [0x0000000083200000, 0x0000000086780000, 0x00000000d6600000)
  object space 54784K, 18% used [0x0000000083200000,0x0000000083c007a0,0x0000000086780000)
 Metaspace       used 24621K, capacity 25332K, committed 25472K, reserved 1071104K
  class space    used 3185K, capacity 3363K, committed 3456K, reserved 1048576K
}
Event: 4.377 GC heap before
{Heap before GC invocations=7 (full 1):
 PSYoungGen      total 70656K, used 70643K [0x00000000d6600000, 0x00000000de180000, 0x0000000100000000)
  eden space 65536K, 100% used [0x00000000d6600000,0x00000000da600000,0x00000000da600000)
  from space 5120K, 99% used [0x00000000da600000,0x00000000daafcf28,0x00000000dab00000)
  to   space 9728K, 0% used [0x00000000dd800000,0x00000000dd800000,0x00000000de180000)
 ParOldGen       total 54784K, used 10241K [0x0000000083200000, 0x0000000086780000, 0x00000000d6600000)
  object space 54784K, 18% used [0x0000000083200000,0x0000000083c007a0,0x0000000086780000)
 Metaspace       used 28899K, capacity 29852K, committed 30208K, reserved 1075200K
  class space    used 3765K, capacity 3983K, committed 4096K, reserved 1048576K
Event: 4.393 GC heap after
Heap after GC invocations=7 (full 1):
 PSYoungGen      total 115200K, used 9721K [0x00000000d6600000, 0x00000000de480000, 0x0000000100000000)
  eden space 105472K, 0% used [0x00000000d6600000,0x00000000d6600000,0x00000000dcd00000)
  from space 9728K, 99% used [0x00000000dd800000,0x00000000de17e4c0,0x00000000de180000)
  to   space 11264K, 0% used [0x00000000dcd00000,0x00000000dcd00000,0x00000000dd800000)
 ParOldGen       total 54784K, used 10949K [0x0000000083200000, 0x0000000086780000, 0x00000000d6600000)
  object space 54784K, 19% used [0x0000000083200000,0x0000000083cb1668,0x0000000086780000)
 Metaspace       used 28899K, capacity 29852K, committed 30208K, reserved 1075200K
  class space    used 3765K, capacity 3983K, committed 4096K, reserved 1048576K
}

