# JRE version: Java(TM) SE Runtime Environment (8.0_201-b09) (build 1.8.0_201-b09)
# Java VM: Java HotSpot(TM) 64-Bit Server VM (25.201-b09 mixed mode windows-amd64 compressed oops)
Heap:
 PSYoungGen      total 70656K, used 32905K [0x00000000d6600000, 0x00000000db000000, 0x0000000100000000)
  eden space 65536K, 42% used [0x00000000d6600000,0x00000000d8125708,0x00000000da600000)
  from space 5120K, 99% used [0x00000000dab00000,0x00000000daffcf88,0x00000000db000000)
  to   space 5120K, 0% used [0x00000000da600000,0x00000000da600000,0x00000000dab00000)
 ParOldGen       total 54784K, used 22149K [0x0000000083200000, 0x0000000086780000, 0x00000000d6600000)
  object space 54784K, 40% used [0x0000000083200000,0x00000000847a1490,0x0000000086780000)
 Metaspace       used 41851K, capacity 43388K, committed 43648K, reserved 1087488K
  class space    used 5406K, capacity 5701K, committed 5760K, reserved 1048576K
GC Heap History (10 events):
Event: 3.741 GC heap before
{Heap before GC invocations=6 (full 1):
 PSYoungGen      total 70656K, used 65536K [0x00000000d6600000, 0x00000000db000000, 0x0000000100000000)
  eden space 65536K, 100% used [0x00000000d6600000,0x00000000da600000,0x00000000da600000)
  from space 5120K, 0% used [0x00000000dab00000,0x00000000dab00000,0x00000000db000000)
  to   space 5120K, 0% used [0x00000000da600000,0x00000000da600000,0x00000000dab00000)
 ParOldGen       total 54784K, used 7233K [0x0000000083200000, 0x0000000086780000, 0x00000000d6600000)
  object space 54784K, 13% used [0x0000000083200000,0x00000000839104c8,0x0000000086780000)
 Metaspace       used 24697K, capacity 25432K, committed 25728K, reserved 1071104K
  class space    used 3203K, capacity 3395K, committed 3456K, reserved 1048576K
Event: 3.755 GC heap after
Heap after GC invocations=6 (full 1):
 PSYoungGen      total 70656K, used 5096K [0x00000000d6600000, 0x00000000db000000, 0x0000000100000000)
  eden space 65536K, 0% used [0x00000000d6600000,0x00000000d6600000,0x00000000da600000)
  from space 5120K, 99% used [0x00000000da600000,0x00000000daafa0f8,0x00000000dab00000)
  to   space 5120K, 0% used [0x00000000dab00000,0x00000000dab00000,0x00000000db000000)
 ParOldGen       total 54784K, used 10359K [0x0000000083200000, 0x0000000086780000, 0x00000000d6600000)
  object space 54784K, 18% used [0x0000000083200000,0x0000000083c1dcc0,0x0000000086780000)
 Metaspace       used 24697K, capacity 25432K, committed 25728K, reserved 1071104K
  class space    used 3203K, capacity 3395K, committed 3456K, reserved 1048576K
}
Event: 5.258 GC heap before
{Heap before GC invocations=7 (full 1):
 PSYoungGen      total 70656K, used 70632K [0x00000000d6600000, 0x00000000db000000, 0x0000000100000000)
  eden space 65536K, 100% used [0x00000000d6600000,0x00000000da600000,0x00000000da600000)
  from space 5120K, 99% used [0x00000000da600000,0x00000000daafa0f8,0x00000000dab00000)
  to   space 5120K, 0% used [0x00000000dab00000,0x00000000dab00000,0x00000000db000000)
 ParOldGen       total 54784K, used 10359K [0x0000000083200000, 0x0000000086780000, 0x00000000d6600000)
  object space 54784K, 18% used [0x0000000083200000,0x0000000083c1dcc0,0x0000000086780000)
 Metaspace       used 28919K, capacity 29856K, committed 30208K, reserved 1075200K
  class space    used 3770K, capacity 3983K, committed 4096K, reserved 1048576K
Event: 5.278 GC heap after
Heap after GC invocations=7 (full 1):
 PSYoungGen      total 70656K, used 5088K [0x00000000d6600000, 0x00000000db000000, 0x0000000100000000)
  eden space 65536K, 0% used [0x00000000d6600000,0x00000000d6600000,0x00000000da600000)
  from space 5120K, 99% used [0x00000000dab00000,0x00000000daff8020,0x00000000db000000)
  to   space 5120K, 0% used [0x00000000da600000,0x00000000da600000,0x00000000dab00000)
 ParOldGen       total 54784K, used 15490K [0x0000000083200000, 0x0000000086780000, 0x00000000d6600000)
  object space 54784K, 28% used [0x0000000083200000,0x0000000084120b78,0x0000000086780000)
 Metaspace       used 28919K, capacity 29856K, committed 30208K, reserved 1075200K
  class space    used 3770K, capacity 3983K, committed 4096K, reserved 1048576K
}
Event: 7.119 GC heap before
{Heap before GC invocations=8 (full 1):
 PSYoungGen      total 70656K, used 53736K [0x00000000d6600000, 0x00000000db000000, 0x0000000100000000)
  eden space 65536K, 74% used [0x00000000d6600000,0x00000000d9582220,0x00000000da600000)
  from space 5120K, 99% used [0x00000000dab00000,0x00000000daff8020,0x00000000db000000)
  to   space 5120K, 0% used [0x00000000da600000,0x00000000da600000,0x00000000dab00000)
 ParOldGen       total 54784K, used 15490K [0x0000000083200000, 0x0000000086780000, 0x00000000d6600000)
  object space 54784K, 28% used [0x0000000083200000,0x0000000084120b78,0x0000000086780000)
 Metaspace       used 34020K, capacity 35306K, committed 35456K, reserved 1079296K
  class space    used 4361K, capacity 4612K, committed 4736K, reserved 1048576K
Event: 7.129 GC heap after
Heap after GC invocations=8 (full 1):
 PSYoungGen      total 70656K, used 5088K [0x00000000d6600000, 0x00000000db000000, 0x0000000100000000)
  eden space 65536K, 0% used [0x00000000d6600000,0x00000000d6600000,0x00000000da600000)
  from space 5120K, 99% used [0x00000000da600000,0x00000000daaf8020,0x00000000dab00000)
  to   space 5120K, 0% used [0x00000000dab00000,0x00000000dab00000,0x00000000db000000)
 ParOldGen       total 54784K, used 21745K [0x0000000083200000, 0x0000000086780000, 0x00000000d6600000)
  object space 54784K, 39% used [0x0000000083200000,0x000000008473c6b0,0x0000000086780000)
 Metaspace       used 34020K, capacity 35306K, committed 35456K, reserved 1079296K
  class space    used 4361K, capacity 4612K, committed 4736K, reserved 1048576K
}
Event: 7.129 GC heap before
{Heap before GC invocations=9 (full 2):
 PSYoungGen      total 70656K, used 5088K [0x00000000d6600000, 0x00000000db000000, 0x0000000100000000)
  eden space 65536K, 0% used [0x00000000d6600000,0x00000000d6600000,0x00000000da600000)
  from space 5120K, 99% used [0x00000000da600000,0x00000000daaf8020,0x00000000dab00000)
  to   space 5120K, 0% used [0x00000000dab00000,0x00000000dab00000,0x00000000db000000)
 ParOldGen       total 54784K, used 21745K [0x0000000083200000, 0x0000000086780000, 0x00000000d6600000)
  object space 54784K, 39% used [0x0000000083200000,0x000000008473c6b0,0x0000000086780000)
 Metaspace       used 34020K, capacity 35306K, committed 35456K, reserved 1079296K
  class space    used 4361K, capacity 4612K, committed 4736K, reserved 1048576K
Event: 7.197 GC heap after
Heap after GC invocations=9 (full 2):
 PSYoungGen      total 70656K, used 0K [0x00000000d6600000, 0x00000000db000000, 0x0000000100000000)
  eden space 65536K, 0% used [0x00000000d6600000,0x00000000d6600000,0x00000000da600000)
  from space 5120K, 0% used [0x00000000da600000,0x00000000da600000,0x00000000dab00000)
  to   space 5120K, 0% used [0x00000000dab00000,0x00000000dab00000,0x00000000db000000)
 ParOldGen       total 54784K, used 19437K [0x0000000083200000, 0x0000000086780000, 0x00000000d6600000)
  object space 54784K, 35% used [0x0000000083200000,0x00000000844fb5a8,0x0000000086780000)
 Metaspace       used 34020K, capacity 35306K, committed 35456K, reserved 1079296K
  class space    used 4361K, capacity 4612K, committed 4736K, reserved 1048576K
}
Event: 8.593 GC heap before
{Heap before GC invocations=10 (full 2):
 PSYoungGen      total 70656K, used 65536K [0x00000000d6600000, 0x00000000db000000, 0x0000000100000000)
  eden space 65536K, 100% used [0x00000000d6600000,0x00000000da600000,0x00000000da600000)
  from space 5120K, 0% used [0x00000000da600000,0x00000000da600000,0x00000000dab00000)
  to   space 5120K, 0% used [0x00000000dab00000,0x00000000dab00000,0x00000000db000000)
 ParOldGen       total 54784K, used 19437K [0x0000000083200000, 0x0000000086780000, 0x00000000d6600000)
  object space 54784K, 35% used [0x0000000083200000,0x00000000844fb5a8,0x0000000086780000)
 Metaspace       used 40496K, capacity 41960K, committed 42112K, reserved 1085440K
  class space    used 5226K, capacity 5495K, committed 5504K, reserved 1048576K
Event: 8.602 GC heap after
Heap after GC invocations=10 (full 2):
 PSYoungGen      total 70656K, used 5107K [0x00000000d6600000, 0x00000000db000000, 0x0000000100000000)
  eden space 65536K, 0% used [0x00000000d6600000,0x00000000d6600000,0x00000000da600000)
  from space 5120K, 99% used [0x00000000dab00000,0x00000000daffcf88,0x00000000db000000)
  to   space 5120K, 0% used [0x00000000da600000,0x00000000da600000,0x00000000dab00000)
 ParOldGen       total 54784K, used 22149K [0x0000000083200000, 0x0000000086780000, 0x00000000d6600000)
  object space 54784K, 40% used [0x0000000083200000,0x00000000847a1490,0x0000000086780000)
 Metaspace       used 40496K, capacity 41960K, committed 42112K, reserved 1085440K
  class space    used 5226K, capacity 5495K, committed 5504K, reserved 1048576K
}

